Using device: cuda
../../video_processing/frames/ZXVHcBw5dxg/raw_frames
Running DepthAnythingV2 on extracted frames...
../../video_processing/frames/xkzkrlBrovc/raw_frames
Running DepthAnythingV2 on extracted frames...
../../video_processing/frames/nlF9ruV_Ihs/raw_frames
Running DepthAnythingV2 on extracted frames...
../../video_processing/frames/G10TaIvf7So/raw_frames
Running DepthAnythingV2 on extracted frames...
../../video_processing/frames/YWK8yUVc5yk/raw_frames
Running DepthAnythingV2 on extracted frames...
../../video_processing/frames/lqut7gpptBo/raw_frames
Running DepthAnythingV2 on extracted frames...
../../video_processing/frames/WmrzzR5qKOs/raw_frames
Running DepthAnythingV2 on extracted frames...
../../video_processing/frames/bgXH3T9F05w/raw_frames
Running DepthAnythingV2 on extracted frames...
../../video_processing/frames/_Jz5W5IuOjI/raw_frames
../../video_processing/frames/VhmcP-ydDEI/raw_frames
Running DepthAnythingV2 on extracted frames...
../../video_processing/frames/It9SgQ0-TAo/raw_frames
Running DepthAnythingV2 on extracted frames...
../../video_processing/frames/VdhrQYdz4rM/raw_frames
Running DepthAnythingV2 on extracted frames...
../../video_processing/frames/fSEtiixgRJI/raw_frames
../../video_processing/frames/PFj6Be9LKBY/raw_frames
Running DepthAnythingV2 on extracted frames...
../../video_processing/frames/tsMC_HbKGso/raw_frames
Running DepthAnythingV2 on extracted frames...
../../video_processing/frames/BRZp9Heepuk/raw_frames
Running DepthAnythingV2 on extracted frames...
../../video_processing/frames/Kxw6kgNXgho/raw_frames
../../video_processing/frames/CDFcmamgYcs/raw_frames
Running DepthAnythingV2 on extracted frames...
../../video_processing/frames/qqVkV0dMEzU/raw_frames
Running DepthAnythingV2 on extracted frames...
../../video_processing/frames/hUyWBvmoch0/raw_frames
Running DepthAnythingV2 on extracted frames...
../../video_processing/frames/bi2xeMQsGQ4/raw_frames
Running DepthAnythingV2 on extracted frames...
../../video_processing/frames/phrzOoTANSE/raw_frames
Running DepthAnythingV2 on extracted frames...
../../video_processing/frames/TverEFmJJN8/raw_frames
Running DepthAnythingV2 on extracted frames...
../../video_processing/frames/m5Qusf5L5Ik/raw_frames
Running DepthAnythingV2 on extracted frames...
../../video_processing/frames/X7SCBEKD0iI/raw_frames
Running DepthAnythingV2 on extracted frames...
../../video_processing/frames/w2G9HCFl9hU/raw_frames
Running DepthAnythingV2 on extracted frames...
../../video_processing/frames/4Ovun19El74/raw_frames
Running DepthAnythingV2 on extracted frames...
../../video_processing/frames/dV64tyJ4eaI/raw_frames
Running DepthAnythingV2 on extracted frames...
../../video_processing/frames/SAfXHF9LkeY/raw_frames
Running DepthAnythingV2 on extracted frames...
../../video_processing/frames/f3kuTkyTQiY/raw_frames
Running DepthAnythingV2 on extracted frames...
../../video_processing/frames/0oLDxPD8Lmc/raw_frames
Running DepthAnythingV2 on extracted frames...
../../video_processing/frames/DxzL6CSktjk/raw_frames
Running DepthAnythingV2 on extracted frames...
../../video_processing/frames/rstUbflFTuE/raw_frames
Running DepthAnythingV2 on extracted frames...
../../video_processing/frames/voUTQmj2bSo/raw_frames
Running DepthAnythingV2 on extracted frames...
../../video_processing/frames/HLacQc-vx1s/raw_frames
Running DepthAnythingV2 on extracted frames...
../../video_processing/frames/MJl4__2aZ64/raw_frames
Running DepthAnythingV2 on extracted frames...
../../video_processing/frames/fpTEjkDrHGc/raw_frames
Running DepthAnythingV2 on extracted frames...
../../video_processing/frames/b_hR3ZarRjc/raw_frames
Running DepthAnythingV2 on extracted frames...
../../video_processing/frames/WlZhLQY8drU/raw_frames
Running DepthAnythingV2 on extracted frames...
../../video_processing/frames/2brOwfWSOEE/raw_frames
Running DepthAnythingV2 on extracted frames...
../../video_processing/frames/lUP7s9P_fjE/raw_frames
Running DepthAnythingV2 on extracted frames...
../../video_processing/frames/qln2cK7V4f4/raw_frames
Running DepthAnythingV2 on extracted frames...
../../video_processing/frames/14OIYdMNHS4/raw_frames
Running DepthAnythingV2 on extracted frames...
../../video_processing/frames/6IsoTmo4vSs/raw_frames
Running DepthAnythingV2 on extracted frames...
../../video_processing/frames/2p0-xmxnx6E/raw_frames
Running DepthAnythingV2 on extracted frames...
../../video_processing/frames/iOzh8WNbuCs/raw_frames
Running DepthAnythingV2 on extracted frames...
../../video_processing/frames/rEty0ctRs64/raw_frames
Running DepthAnythingV2 on extracted frames...
../../video_processing/frames/nf95ib3NGi0/raw_frames
Running DepthAnythingV2 on extracted frames...
../../video_processing/frames/a33Zp81B0sw/raw_frames
Running DepthAnythingV2 on extracted frames...
../../video_processing/frames/dmnBrbg3fvQ/raw_frames
../../video_processing/frames/K_wkWEuZ2a0/raw_frames
Running DepthAnythingV2 on extracted frames...
../../video_processing/frames/7OXe25tNWhk/raw_frames
Running DepthAnythingV2 on extracted frames...
../../video_processing/frames/-V_5WU3hSrg/raw_frames
Running DepthAnythingV2 on extracted frames...
../../video_processing/frames/9V_2tO04ufQ/raw_frames
Running DepthAnythingV2 on extracted frames...
../../video_processing/frames/MSCwWgbleGg/raw_frames
Running DepthAnythingV2 on extracted frames...
../../video_processing/frames/XE6Q7lPV9O0/raw_frames
Running DepthAnythingV2 on extracted frames...
../../video_processing/frames/nKIgff84n3Y/raw_frames
Running DepthAnythingV2 on extracted frames...
../../video_processing/frames/Z2-8Nz3IOxs/raw_frames
Running DepthAnythingV2 on extracted frames...
../../video_processing/frames/XnqrMnNfupM/raw_frames
Running DepthAnythingV2 on extracted frames...
../../video_processing/frames/V0mu0ZVnWfk/raw_frames
Running DepthAnythingV2 on extracted frames...
../../video_processing/frames/1YSbxtaE4cA/raw_frames
Running DepthAnythingV2 on extracted frames...
../../video_processing/frames/xO5a7Zpg3Ik/raw_frames
Running DepthAnythingV2 on extracted frames...
../../video_processing/frames/CSHJUN9DByk/raw_frames
Running DepthAnythingV2 on extracted frames...
../../video_processing/frames/OBwGyIW8uGA/raw_frames
Running DepthAnythingV2 on extracted frames...
../../video_processing/frames/FM2T_2cB590/raw_frames
../../video_processing/frames/pD6RDuRMDv4/raw_frames
Running DepthAnythingV2 on extracted frames...
../../video_processing/frames/AxNvf5wyNNM/raw_frames
Running DepthAnythingV2 on extracted frames...
../../video_processing/frames/dtE3ie4LwrQ/raw_frames
Running DepthAnythingV2 on extracted frames...
../../video_processing/frames/5D0L9WMW84c/raw_frames
Running DepthAnythingV2 on extracted frames...
../../video_processing/frames/qaY5jYmYIGE/raw_frames
Running DepthAnythingV2 on extracted frames...
../../video_processing/frames/DDg7sx66OJY/raw_frames
Running DepthAnythingV2 on extracted frames...
../../video_processing/frames/CwbMQx6_5h8/raw_frames
Running DepthAnythingV2 on extracted frames...
../../video_processing/frames/JwyjISk0G3o/raw_frames
../../video_processing/frames/fpSXD3jH4c4/raw_frames
Running DepthAnythingV2 on extracted frames...
../../video_processing/frames/iUqEaeP90P4/raw_frames
../../video_processing/frames/J1lYHTz5J6E/raw_frames
Running DepthAnythingV2 on extracted frames...
../../video_processing/frames/8hPhiUaUf8E/raw_frames
Running DepthAnythingV2 on extracted frames...
../../video_processing/frames/HvYhbKz-Vw8/raw_frames
Running DepthAnythingV2 on extracted frames...
../../video_processing/frames/SwYdwkBlHkI/raw_frames
Running DepthAnythingV2 on extracted frames...
../../video_processing/frames/ZCw7I3KsPTM/raw_frames
Running DepthAnythingV2 on extracted frames...
../../video_processing/frames/NntHFwr5GHY/raw_frames
Running DepthAnythingV2 on extracted frames...
../../video_processing/frames/NxqDxIBmf4A/raw_frames
Running DepthAnythingV2 on extracted frames...
../../video_processing/frames/Sc0fiqpx_Sk/raw_frames
Running DepthAnythingV2 on extracted frames...
../../video_processing/frames/Uux9sxPl6Oo/raw_frames
Running DepthAnythingV2 on extracted frames...
../../video_processing/frames/o0tt1wryMgo/raw_frames
Running DepthAnythingV2 on extracted frames...
../../video_processing/frames/XAocRrqMggk/raw_frames
Running DepthAnythingV2 on extracted frames...
../../video_processing/frames/higAKjqYwdY/raw_frames
Running DepthAnythingV2 on extracted frames...
../../video_processing/frames/_P31w8E_5Zc/raw_frames
Running DepthAnythingV2 on extracted frames...
../../video_processing/frames/xNO24KXAC-4/raw_frames
Running DepthAnythingV2 on extracted frames...
../../video_processing/frames/iNVk0Pb8zMw/raw_frames
Running DepthAnythingV2 on extracted frames...
../../video_processing/frames/GQBjmOz6_i4/raw_frames
Running DepthAnythingV2 on extracted frames...
../../video_processing/frames/LZAXriR9U1o/raw_frames
Running DepthAnythingV2 on extracted frames...
../../video_processing/frames/o2Wuj1D_vhY/raw_frames
Running DepthAnythingV2 on extracted frames...
../../video_processing/frames/G5k31t3XYxY/raw_frames
Running DepthAnythingV2 on extracted frames...
../../video_processing/frames/5xe03SHh8SE/raw_frames
Running DepthAnythingV2 on extracted frames...
../../video_processing/frames/hONwnF8guYs/raw_frames
Running DepthAnythingV2 on extracted frames...
../../video_processing/frames/hfFdtToCypo/raw_frames
Running DepthAnythingV2 on extracted frames...
../../video_processing/frames/KYaVIzvUKl4/raw_frames
Running DepthAnythingV2 on extracted frames...
../../video_processing/frames/TrvSPa8-Oro/raw_frames
Running DepthAnythingV2 on extracted frames...
../../video_processing/frames/Lws9_mrweYM/raw_frames
Running DepthAnythingV2 on extracted frames...
Processing completed.

tracted frames...
../../video_processing/frames/clU0e2aJET0/raw_frames
Running DepthAnythingV2 on extracted frames...
Processing completed.

DHu6WA/raw_frames
Running DepthAnythingV2 on extracted frames...
../../video_processing/frames/eBlZzbF_2lw/raw_frames
Running DepthAnythingV2 on extracted frames...
Processing completed.

